{"total": {"lines":{"total":64,"covered":58,"skipped":0,"pct":90.63},"statements":{"total":65,"covered":59,"skipped":0,"pct":90.77},"functions":{"total":25,"covered":20,"skipped":0,"pct":80},"branches":{"total":13,"covered":11,"skipped":0,"pct":84.62}}
,"/Users/santoshpeddi/Desktop/development/santosh-start-wars/starwars/src/react-app-env.d.ts": {"lines":{"total":0,"covered":0,"skipped":0,"pct":100},"functions":{"total":0,"covered":0,"skipped":0,"pct":100},"statements":{"total":0,"covered":0,"skipped":0,"pct":100},"branches":{"total":0,"covered":0,"skipped":0,"pct":100}}
,"/Users/santoshpeddi/Desktop/development/santosh-start-wars/starwars/src/components/Character/Character.tsx": {"lines":{"total":3,"covered":3,"skipped":0,"pct":100},"functions":{"total":2,"covered":2,"skipped":0,"pct":100},"statements":{"total":3,"covered":3,"skipped":0,"pct":100},"branches":{"total":2,"covered":2,"skipped":0,"pct":100}}
,"/Users/santoshpeddi/Desktop/development/santosh-start-wars/starwars/src/components/CharacterContainer/CharacterContainer.tsx": {"lines":{"total":9,"covered":4,"skipped":0,"pct":44.44},"functions":{"total":6,"covered":1,"skipped":0,"pct":16.67},"statements":{"total":9,"covered":4,"skipped":0,"pct":44.44},"branches":{"total":4,"covered":3,"skipped":0,"pct":75}}
,"/Users/santoshpeddi/Desktop/development/santosh-start-wars/starwars/src/components/CharacterSearch/CharacterSearch.tsx": {"lines":{"total":9,"covered":9,"skipped":0,"pct":100},"functions":{"total":3,"covered":3,"skipped":0,"pct":100},"statements":{"total":9,"covered":9,"skipped":0,"pct":100},"branches":{"total":0,"covered":0,"skipped":0,"pct":100}}
,"/Users/santoshpeddi/Desktop/development/santosh-start-wars/starwars/src/components/Loader/Loader.tsx": {"lines":{"total":2,"covered":2,"skipped":0,"pct":100},"functions":{"total":1,"covered":1,"skipped":0,"pct":100},"statements":{"total":2,"covered":2,"skipped":0,"pct":100},"branches":{"total":0,"covered":0,"skipped":0,"pct":100}}
,"/Users/santoshpeddi/Desktop/development/santosh-start-wars/starwars/src/components/Root/Root.tsx": {"lines":{"total":2,"covered":2,"skipped":0,"pct":100},"functions":{"total":1,"covered":1,"skipped":0,"pct":100},"statements":{"total":2,"covered":2,"skipped":0,"pct":100},"branches":{"total":0,"covered":0,"skipped":0,"pct":100}}
,"/Users/santoshpeddi/Desktop/development/santosh-start-wars/starwars/src/components/app/App.tsx": {"lines":{"total":1,"covered":1,"skipped":0,"pct":100},"functions":{"total":1,"covered":1,"skipped":0,"pct":100},"statements":{"total":2,"covered":2,"skipped":0,"pct":100},"branches":{"total":0,"covered":0,"skipped":0,"pct":100}}
,"/Users/santoshpeddi/Desktop/development/santosh-start-wars/starwars/src/data/GetCharacterMock.ts": {"lines":{"total":1,"covered":1,"skipped":0,"pct":100},"functions":{"total":0,"covered":0,"skipped":0,"pct":100},"statements":{"total":1,"covered":1,"skipped":0,"pct":100},"branches":{"total":0,"covered":0,"skipped":0,"pct":100}}
,"/Users/santoshpeddi/Desktop/development/santosh-start-wars/starwars/src/data/GetCharactersMock.ts": {"lines":{"total":1,"covered":1,"skipped":0,"pct":100},"functions":{"total":0,"covered":0,"skipped":0,"pct":100},"statements":{"total":1,"covered":1,"skipped":0,"pct":100},"branches":{"total":0,"covered":0,"skipped":0,"pct":100}}
,"/Users/santoshpeddi/Desktop/development/santosh-start-wars/starwars/src/data/GetCharactersSearchMock.ts": {"lines":{"total":1,"covered":1,"skipped":0,"pct":100},"functions":{"total":0,"covered":0,"skipped":0,"pct":100},"statements":{"total":1,"covered":1,"skipped":0,"pct":100},"branches":{"total":0,"covered":0,"skipped":0,"pct":100}}
,"/Users/santoshpeddi/Desktop/development/santosh-start-wars/starwars/src/redux/actions/CharacterActionCreators.ts": {"lines":{"total":10,"covered":10,"skipped":0,"pct":100},"functions":{"total":5,"covered":5,"skipped":0,"pct":100},"statements":{"total":10,"covered":10,"skipped":0,"pct":100},"branches":{"total":0,"covered":0,"skipped":0,"pct":100}}
,"/Users/santoshpeddi/Desktop/development/santosh-start-wars/starwars/src/redux/actions/CharacterActionTypes.enum.ts": {"lines":{"total":0,"covered":0,"skipped":0,"pct":100},"functions":{"total":0,"covered":0,"skipped":0,"pct":100},"statements":{"total":0,"covered":0,"skipped":0,"pct":100},"branches":{"total":0,"covered":0,"skipped":0,"pct":100}}
,"/Users/santoshpeddi/Desktop/development/santosh-start-wars/starwars/src/redux/actions/CharacterActions.type.ts": {"lines":{"total":0,"covered":0,"skipped":0,"pct":100},"functions":{"total":0,"covered":0,"skipped":0,"pct":100},"statements":{"total":0,"covered":0,"skipped":0,"pct":100},"branches":{"total":0,"covered":0,"skipped":0,"pct":100}}
,"/Users/santoshpeddi/Desktop/development/santosh-start-wars/starwars/src/redux/actions/IGetCharactersActions.interface.ts": {"lines":{"total":0,"covered":0,"skipped":0,"pct":100},"functions":{"total":0,"covered":0,"skipped":0,"pct":100},"statements":{"total":0,"covered":0,"skipped":0,"pct":100},"branches":{"total":0,"covered":0,"skipped":0,"pct":100}}
,"/Users/santoshpeddi/Desktop/development/santosh-start-wars/starwars/src/redux/reducers/CharacterReducer.ts": {"lines":{"total":9,"covered":8,"skipped":0,"pct":88.89},"functions":{"total":1,"covered":1,"skipped":0,"pct":100},"statements":{"total":9,"covered":8,"skipped":0,"pct":88.89},"branches":{"total":7,"covered":6,"skipped":0,"pct":85.71}}
,"/Users/santoshpeddi/Desktop/development/santosh-start-wars/starwars/src/redux/sagas/Character.ts": {"lines":{"total":6,"covered":6,"skipped":0,"pct":100},"functions":{"total":2,"covered":2,"skipped":0,"pct":100},"statements":{"total":6,"covered":6,"skipped":0,"pct":100},"branches":{"total":0,"covered":0,"skipped":0,"pct":100}}
,"/Users/santoshpeddi/Desktop/development/santosh-start-wars/starwars/src/redux/state/ICharacter.interface.ts": {"lines":{"total":0,"covered":0,"skipped":0,"pct":100},"functions":{"total":0,"covered":0,"skipped":0,"pct":100},"statements":{"total":0,"covered":0,"skipped":0,"pct":100},"branches":{"total":0,"covered":0,"skipped":0,"pct":100}}
,"/Users/santoshpeddi/Desktop/development/santosh-start-wars/starwars/src/redux/state/ICharacterState.interface.ts": {"lines":{"total":0,"covered":0,"skipped":0,"pct":100},"functions":{"total":0,"covered":0,"skipped":0,"pct":100},"statements":{"total":0,"covered":0,"skipped":0,"pct":100},"branches":{"total":0,"covered":0,"skipped":0,"pct":100}}
,"/Users/santoshpeddi/Desktop/development/santosh-start-wars/starwars/src/redux/store/IAppState.interface.ts": {"lines":{"total":0,"covered":0,"skipped":0,"pct":100},"functions":{"total":0,"covered":0,"skipped":0,"pct":100},"statements":{"total":0,"covered":0,"skipped":0,"pct":100},"branches":{"total":0,"covered":0,"skipped":0,"pct":100}}
,"/Users/santoshpeddi/Desktop/development/santosh-start-wars/starwars/src/redux/store/Store.tsx": {"lines":{"total":5,"covered":5,"skipped":0,"pct":100},"functions":{"total":1,"covered":1,"skipped":0,"pct":100},"statements":{"total":5,"covered":5,"skipped":0,"pct":100},"branches":{"total":0,"covered":0,"skipped":0,"pct":100}}
,"/Users/santoshpeddi/Desktop/development/santosh-start-wars/starwars/src/utils/Api.ts": {"lines":{"total":5,"covered":5,"skipped":0,"pct":100},"functions":{"total":2,"covered":2,"skipped":0,"pct":100},"statements":{"total":5,"covered":5,"skipped":0,"pct":100},"branches":{"total":0,"covered":0,"skipped":0,"pct":100}}
}
